0 info it worked if it ends with ok
1 verbose cli [ '/usr/local/bin/node',
1 verbose cli   '/usr/local/bin/npm',
1 verbose cli   'install',
1 verbose cli   'hexo-deployer-git',
1 verbose cli   '-',
1 verbose cli   '-save' ]
2 info using npm@2.15.5
3 info using node@v4.4.5
4 verbose install initial load of /Users/lanou/Desktop/Cuidapao.github.io/package.json
5 verbose installManyTop reading scoped package data from /Users/lanou/Desktop/Cuidapao.github.io/node_modules/hexo/package.json
6 verbose installManyTop reading scoped package data from /Users/lanou/Desktop/Cuidapao.github.io/node_modules/hexo-generator-archive/package.json
7 verbose installManyTop reading scoped package data from /Users/lanou/Desktop/Cuidapao.github.io/node_modules/hexo-generator-category/package.json
8 verbose installManyTop reading scoped package data from /Users/lanou/Desktop/Cuidapao.github.io/node_modules/hexo-generator-index/package.json
9 verbose installManyTop reading scoped package data from /Users/lanou/Desktop/Cuidapao.github.io/node_modules/hexo-generator-tag/package.json
10 verbose installManyTop reading scoped package data from /Users/lanou/Desktop/Cuidapao.github.io/node_modules/hexo-renderer-ejs/package.json
11 verbose installManyTop reading scoped package data from /Users/lanou/Desktop/Cuidapao.github.io/node_modules/hexo-renderer-marked/package.json
12 verbose installManyTop reading scoped package data from /Users/lanou/Desktop/Cuidapao.github.io/node_modules/hexo-renderer-stylus/package.json
13 verbose installManyTop reading scoped package data from /Users/lanou/Desktop/Cuidapao.github.io/node_modules/hexo-server/package.json
14 verbose readDependencies loading dependencies from /Users/lanou/Desktop/Cuidapao.github.io/package.json
15 silly cache add args [ 'hexo-deployer-git', null ]
16 verbose cache add spec hexo-deployer-git
17 silly cache add args [ '-', null ]
18 verbose cache add spec -
19 silly cache add parsed spec Result {
19 silly cache add   raw: 'hexo-deployer-git',
19 silly cache add   scope: null,
19 silly cache add   name: 'hexo-deployer-git',
19 silly cache add   rawSpec: '',
19 silly cache add   spec: 'latest',
19 silly cache add   type: 'tag' }
20 silly addNamed hexo-deployer-git@latest
21 verbose addNamed "latest" is being treated as a dist-tag for hexo-deployer-git
22 info addNameTag [ 'hexo-deployer-git', 'latest' ]
23 silly mapToRegistry name hexo-deployer-git
24 silly mapToRegistry using default registry
25 silly mapToRegistry registry https://registry.npmjs.org/
26 silly mapToRegistry data Result {
26 silly mapToRegistry   raw: 'hexo-deployer-git',
26 silly mapToRegistry   scope: null,
26 silly mapToRegistry   name: 'hexo-deployer-git',
26 silly mapToRegistry   rawSpec: '',
26 silly mapToRegistry   spec: 'latest',
26 silly mapToRegistry   type: 'tag' }
27 silly mapToRegistry uri https://registry.npmjs.org/hexo-deployer-git
28 verbose addNameTag registry:https://registry.npmjs.org/hexo-deployer-git not in flight; fetching
29 silly cache add parsed spec Result {
29 silly cache add   raw: '-',
29 silly cache add   scope: null,
29 silly cache add   name: null,
29 silly cache add   rawSpec: '-',
29 silly cache add   spec: '/Users/lanou/Desktop/Cuidapao.github.io/-',
29 silly cache add   type: 'local' }
30 error addLocal Could not install /Users/lanou/Desktop/Cuidapao.github.io/-
31 verbose request uri https://registry.npmjs.org/hexo-deployer-git
32 verbose request no auth needed
33 info attempt registry request try #1 at 09:53:01
34 verbose request id b2308c37bbf51bba
35 verbose etag W/"575e9f38-2c2f"
36 verbose lastModified Mon, 13 Jun 2016 11:55:36 GMT
37 http request GET https://registry.npmjs.org/hexo-deployer-git
38 http 304 https://registry.npmjs.org/hexo-deployer-git
39 verbose headers { date: 'Tue, 15 Nov 2016 01:53:02 GMT',
39 verbose headers   via: '1.1 varnish',
39 verbose headers   'cache-control': 'max-age=300',
39 verbose headers   etag: 'W/"575e9f38-2c2f"',
39 verbose headers   age: '0',
39 verbose headers   connection: 'keep-alive',
39 verbose headers   'x-served-by': 'cache-itm7421-ITM',
39 verbose headers   'x-cache': 'HIT',
39 verbose headers   'x-cache-hits': '1',
39 verbose headers   'x-timer': 'S1479174782.121009,VS0,VE145',
39 verbose headers   vary: 'Accept-Encoding' }
40 silly get cb [ 304,
40 silly get   { date: 'Tue, 15 Nov 2016 01:53:02 GMT',
40 silly get     via: '1.1 varnish',
40 silly get     'cache-control': 'max-age=300',
40 silly get     etag: 'W/"575e9f38-2c2f"',
40 silly get     age: '0',
40 silly get     connection: 'keep-alive',
40 silly get     'x-served-by': 'cache-itm7421-ITM',
40 silly get     'x-cache': 'HIT',
40 silly get     'x-cache-hits': '1',
40 silly get     'x-timer': 'S1479174782.121009,VS0,VE145',
40 silly get     vary: 'Accept-Encoding' } ]
41 verbose etag https://registry.npmjs.org/hexo-deployer-git from cache
42 verbose get saving hexo-deployer-git to /Users/lanou/.npm/registry.npmjs.org/hexo-deployer-git/.cache.json
43 verbose correctMkdir /Users/lanou/.npm correctMkdir not in flight; initializing
44 silly addNameTag next cb for hexo-deployer-git with tag latest
45 silly addNamed hexo-deployer-git@0.2.0
46 verbose addNamed "0.2.0" is a plain semver version for hexo-deployer-git
47 silly cache afterAdd hexo-deployer-git@0.2.0
48 verbose afterAdd /Users/lanou/.npm/hexo-deployer-git/0.2.0/package/package.json not in flight; writing
49 verbose correctMkdir /Users/lanou/.npm correctMkdir not in flight; initializing
50 verbose afterAdd /Users/lanou/.npm/hexo-deployer-git/0.2.0/package/package.json written
51 verbose stack Error: ENOENT: no such file or directory, open '/Users/lanou/Desktop/Cuidapao.github.io/-'
51 verbose stack     at Error (native)
52 verbose cwd /Users/lanou/Desktop/Cuidapao.github.io
53 error Darwin 15.4.0
54 error argv "/usr/local/bin/node" "/usr/local/bin/npm" "install" "hexo-deployer-git" "-" "-save"
55 error node v4.4.5
56 error npm  v2.15.5
57 error path /Users/lanou/Desktop/Cuidapao.github.io/-
58 error code ENOENT
59 error errno -2
60 error syscall open
61 error enoent ENOENT: no such file or directory, open '/Users/lanou/Desktop/Cuidapao.github.io/-'
61 error enoent This is most likely not a problem with npm itself
61 error enoent and is related to npm not being able to find a file.
62 verbose exit [ -2, true ]
